\BOOKMARK [0][-]{chapter.1}{\376\377\000E\000x\000e\000c\000u\000t\000i\000v\000e\000\040\000S\000u\000m\000m\000a\000r\000y}{}% 1
\BOOKMARK [1][-]{section.1.1}{\376\377\000T\000h\000e\000\040\000C\000h\000a\000l\000l\000e\000n\000g\000e}{chapter.1}% 2
\BOOKMARK [1][-]{section.1.2}{\376\377\000O\000u\000r\000\040\000S\000o\000l\000u\000t\000i\000o\000n}{chapter.1}% 3
\BOOKMARK [1][-]{section.1.3}{\376\377\000T\000h\000i\000s\000\040\000W\000e\000e\000k\000'\000s\000\040\000P\000l\000a\000n}{chapter.1}% 4
\BOOKMARK [0][-]{chapter.2}{\376\377\000P\000r\000o\000b\000l\000e\000m\000\040\000F\000r\000a\000m\000i\000n\000g\000\040\000\046\000\040\000G\000o\000a\000l\000s}{}% 5
\BOOKMARK [1][-]{section.2.1}{\376\377\000W\000h\000y\000\040\000S\000i\000m\000u\000l\000a\000t\000e\000\040\000R\000e\000a\000l\000\040\000L\000i\000f\000e\000\040\000f\000o\000r\000\040\000R\000e\000i\000n\000f\000o\000r\000c\000e\000m\000e\000n\000t\000\040\000L\000e\000a\000r\000n\000i\000n\000g}{chapter.2}% 6
\BOOKMARK [1][-]{section.2.2}{\376\377\000K\000e\000y\000\040\000Q\000u\000e\000s\000t\000i\000o\000n\000s\000\040\000A\000n\000s\000w\000e\000r\000e\000d}{chapter.2}% 7
\BOOKMARK [1][-]{section.2.3}{\376\377\000C\000o\000n\000s\000t\000r\000a\000i\000n\000t\000s\000\040\000a\000n\000d\000\040\000S\000u\000c\000c\000e\000s\000s\000\040\000M\000e\000t\000r\000i\000c\000s}{chapter.2}% 8
\BOOKMARK [0][-]{chapter.3}{\376\377\000P\000l\000a\000i\000n\000-\000L\000a\000n\000g\000u\000a\000g\000e\000\040\000G\000l\000o\000s\000s\000a\000r\000y\000\040\000\046\000\040\000A\000s\000s\000u\000m\000p\000t\000i\000o\000n\000s}{}% 9
\BOOKMARK [0][-]{chapter.4}{\376\377\000S\000y\000s\000t\000e\000m\000\040\000A\000r\000c\000h\000i\000t\000e\000c\000t\000u\000r\000e}{}% 10
\BOOKMARK [0][-]{chapter.5}{\376\377\000C\000o\000n\000n\000e\000c\000t\000o\000r\000s\000\040\000\046\000\040\000D\000a\000t\000a\000\040\000I\000n\000v\000e\000n\000t\000o\000r\000y}{}% 11
\BOOKMARK [1][-]{section.5.1}{\376\377\000C\000o\000n\000n\000e\000c\000t\000o\000r\000s\000\040\000S\000t\000a\000t\000u\000s}{chapter.5}% 12
\BOOKMARK [1][-]{section.5.2}{\376\377\000B\000i\000g\000Q\000u\000e\000r\000y\000\040\000D\000a\000t\000a\000s\000e\000t\000s}{chapter.5}% 13
\BOOKMARK [0][-]{chapter.6}{\376\377\000F\000e\000a\000t\000u\000r\000e\000\040\000\046\000\040\000R\000a\000n\000k\000i\000n\000g\000\040\000L\000a\000y\000e\000r}{}% 14
\BOOKMARK [0][-]{chapter.7}{\376\377\000F\000o\000r\000e\000c\000a\000s\000t\000i\000n\000g\000\040\000\050\000P\000l\000a\000c\000e\000m\000e\000n\000t\000-\000A\000w\000a\000r\000e\000\051}{}% 15
\BOOKMARK [0][-]{chapter.8}{\376\377\000O\000f\000f\000l\000i\000n\000e\000\040\000R\000L\000\040\000S\000i\000m\000u\000l\000a\000t\000o\000r}{}% 16
\BOOKMARK [0][-]{chapter.9}{\376\377\000F\000i\000r\000s\000t\000-\000W\000a\000v\000e\000\040\000O\000u\000t\000p\000u\000t\000s}{}% 17
\BOOKMARK [0][-]{chapter.10}{\376\377\000W\000o\000r\000k\000f\000l\000o\000w\000\040\000\046\000\040\000R\000o\000a\000d\000m\000a\000p}{}% 18
\BOOKMARK [0][-]{chapter.11}{\376\377\000S\000t\000a\000t\000u\000s\000\040\000\046\000\040\000R\000i\000s\000k\000s}{}% 19
\BOOKMARK [0][-]{chapter.12}{\376\377\000A\000p\000p\000e\000n\000d\000i\000x\000:\000\040\000D\000a\000t\000a\000\040\000L\000i\000n\000e\000a\000g\000e}{}% 20
