\BOOKMARK [0][]{chapter*.1}{\376\377\000E\000x\000e\000c\000u\000t\000i\000v\000e\000\040\000S\000u\000m\000m\000a\000r\000y}{}% 1
\BOOKMARK [0][]{chapter.1}{\376\377\000P\000r\000o\000d\000u\000c\000t\000i\000o\000n\000\040\000A\000r\000c\000h\000i\000t\000e\000c\000t\000u\000r\000e\000:\000\040\000W\000h\000a\000t\000\040\000A\000c\000t\000u\000a\000l\000l\000y\000\040\000R\000u\000n\000s}{}% 2
\BOOKMARK [1][]{section.1.1}{\376\377\000T\000h\000e\000\040\000T\000h\000r\000e\000e\000-\000L\000a\000y\000e\000r\000\040\000A\000r\000c\000h\000i\000t\000e\000c\000t\000u\000r\000e}{chapter.1}% 3
\BOOKMARK [1][]{section.1.2}{\376\377\000P\000r\000o\000d\000u\000c\000t\000i\000o\000n\000\040\000D\000a\000t\000a\000\040\000F\000l\000o\000w}{chapter.1}% 4
\BOOKMARK [0][]{chapter.2}{\376\377\000C\000o\000r\000e\000\040\000C\000o\000m\000p\000o\000n\000e\000n\000t\000s\000\040\000i\000n\000\040\000P\000r\000o\000d\000u\000c\000t\000i\000o\000n}{}% 5
\BOOKMARK [1][]{section.2.1}{\376\377\000W\000h\000a\000t\000'\000s\000\040\000R\000e\000a\000l\000l\000y\000\040\000R\000u\000n\000n\000i\000n\000g\000\040\000v\000s\000\040\000R\000e\000s\000e\000a\000r\000c\000h\000\040\000M\000o\000d\000e}{chapter.2}% 6
\BOOKMARK [1][]{section.2.2}{\376\377\000T\000h\000e\000\040\000R\000e\000a\000l\000\040\000A\000l\000g\000o\000r\000i\000t\000h\000m\000:\000\040\000T\000h\000o\000m\000p\000s\000o\000n\000\040\000S\000a\000m\000p\000l\000i\000n\000g\000\040\000B\000a\000n\000d\000i\000t}{chapter.2}% 7
\BOOKMARK [0][]{chapter.3}{\376\377\000A\000c\000t\000u\000a\000l\000\040\000P\000e\000r\000f\000o\000r\000m\000a\000n\000c\000e\000\040\000M\000e\000t\000r\000i\000c\000s}{}% 8
\BOOKMARK [1][]{section.3.1}{\376\377\000P\000l\000a\000c\000e\000m\000e\000n\000t\000-\000S\000p\000e\000c\000i\000f\000i\000c\000\040\000B\000a\000s\000e\000l\000i\000n\000e\000s}{chapter.3}% 9
\BOOKMARK [1][]{section.3.2}{\376\377\0003\0000\000-\000D\000a\000y\000\040\000P\000r\000o\000j\000e\000c\000t\000i\000o\000n\000s\000\040\000w\000i\000t\000h\000\040\000U\000n\000c\000e\000r\000t\000a\000i\000n\000t\000y}{chapter.3}% 10
\BOOKMARK [0][]{chapter.4}{\376\377\000C\000r\000i\000t\000i\000c\000a\000l\000\040\000I\000n\000s\000i\000g\000h\000t\000s\000\040\000\046\000\040\000F\000i\000n\000d\000i\000n\000g\000s}{}% 11
\BOOKMARK [1][]{section.4.1}{\376\377\000T\000o\000p\000\040\0005\000\040\000P\000r\000o\000d\000u\000c\000t\000i\000o\000n\000\040\000I\000n\000s\000i\000g\000h\000t\000s}{chapter.4}% 12
\BOOKMARK [1][]{section.4.2}{\376\377\000P\000r\000o\000d\000u\000c\000t\000i\000o\000n\000\040\000v\000s\000\040\000R\000e\000s\000e\000a\000r\000c\000h\000\040\000P\000e\000r\000f\000o\000r\000m\000a\000n\000c\000e}{chapter.4}% 13
\BOOKMARK [0][]{chapter.5}{\376\377\000I\000m\000p\000l\000e\000m\000e\000n\000t\000a\000t\000i\000o\000n\000\040\000P\000l\000a\000y\000b\000o\000o\000k}{}% 14
\BOOKMARK [1][]{section.5.1}{\376\377\000D\000a\000i\000l\000y\000\040\000P\000r\000o\000d\000u\000c\000t\000i\000o\000n\000\040\000P\000i\000p\000e\000l\000i\000n\000e}{chapter.5}% 15
\BOOKMARK [1][]{section.5.2}{\376\377\000C\000o\000n\000f\000i\000g\000u\000r\000a\000t\000i\000o\000n\000\040\000\046\000\040\000F\000l\000a\000g\000s}{chapter.5}% 16
\BOOKMARK [0][]{chapter.6}{\376\377\000P\000r\000o\000d\000u\000c\000t\000i\000o\000n\000\040\000R\000e\000s\000u\000l\000t\000s\000\040\000\046\000\040\000V\000a\000l\000i\000d\000a\000t\000i\000o\000n}{}% 17
\BOOKMARK [1][]{section.6.1}{\376\377\000A\000c\000t\000u\000a\000l\000\040\000C\000a\000m\000p\000a\000i\000g\000n\000\040\000P\000e\000r\000f\000o\000r\000m\000a\000n\000c\000e}{chapter.6}% 18
\BOOKMARK [1][]{section.6.2}{\376\377\000M\000o\000d\000e\000l\000\040\000A\000c\000c\000u\000r\000a\000c\000y\000\040\000V\000a\000l\000i\000d\000a\000t\000i\000o\000n}{chapter.6}% 19
\BOOKMARK [0][]{chapter.7}{\376\377\000F\000u\000t\000u\000r\000e\000\040\000E\000n\000h\000a\000n\000c\000e\000m\000e\000n\000t\000s}{}% 20
\BOOKMARK [1][]{section.7.1}{\376\377\000P\000l\000a\000n\000n\000e\000d\000\040\000I\000m\000p\000r\000o\000v\000e\000m\000e\000n\000t\000s\000\040\000\050\000M\000a\000i\000n\000t\000a\000i\000n\000i\000n\000g\000\040\000S\000i\000m\000p\000l\000i\000c\000i\000t\000y\000\051}{chapter.7}% 21
\BOOKMARK [1][]{section.7.2}{\376\377\000S\000u\000c\000c\000e\000s\000s\000\040\000M\000e\000t\000r\000i\000c\000s}{chapter.7}% 22
\BOOKMARK [0][]{chapter.8}{\376\377\000C\000o\000n\000c\000l\000u\000s\000i\000o\000n}{}% 23
\BOOKMARK [1][]{section.8.1}{\376\377\000T\000h\000e\000\040\000P\000o\000w\000e\000r\000\040\000o\000f\000\040\000S\000i\000m\000p\000l\000i\000c\000i\000t\000y}{chapter.8}% 24
\BOOKMARK [0][]{appendix.A}{\376\377\000T\000e\000c\000h\000n\000i\000c\000a\000l\000\040\000R\000e\000f\000e\000r\000e\000n\000c\000e}{}% 25
\BOOKMARK [1][]{section.A.1}{\376\377\000P\000i\000p\000e\000l\000i\000n\000e\000\040\000S\000c\000r\000i\000p\000t\000s}{appendix.A}% 26
\BOOKMARK [1][]{section.A.2}{\376\377\000A\000P\000I\000\040\000E\000n\000d\000p\000o\000i\000n\000t\000s}{appendix.A}% 27
\BOOKMARK [1][]{section.A.3}{\376\377\000K\000e\000y\000\040\000M\000e\000t\000r\000i\000c\000s\000\040\000D\000e\000f\000i\000n\000i\000t\000i\000o\000n\000s}{appendix.A}% 28
